<?xml version="1.0" encoding="UTF-8"?>
<testsuite xmlns:xsi="http://www.w3.org/2001/XMLSchema-instance" xsi:noNamespaceSchemaLocation="https://maven.apache.org/surefire/maven-surefire-plugin/xsd/surefire-test-report-3.0.xsd" version="3.0" name="com.mycompany.maven.POE2Test" time="0.311" tests="26" errors="0" skipped="0" failures="0">
  <properties>
[...]
</properties>
  <testcase name="testDisplayReportContents" classname="com.mycompany.maven.POE2Test" time="0.061"/>
  <testcase name="testRegisterUserAndLogin_Success" classname="com.mycompany.maven.POE2Test" time="0.0"/>
  <testcase name="testValidatePassword_Valid" classname="com.mycompany.maven.POE2Test" time="0.0"/>
  <testcase name="testDisplayLongestMessage" classname="com.mycompany.maven.POE2Test" time="0.005"/>
  <testcase name="testMessageHash_SingleWord" classname="com.mycompany.maven.POE2Test" time="0.034">
    <system-err><![CDATA[Nov 20, 2025 2:01:15 PM com.mycompany.maven.POE2$Message <init>
WARNING: Invalid recipient format for message: BOGYMWOX4IQT
]]></system-err>
  </testcase>
  <testcase name="testDeleteByHash_Success" classname="com.mycompany.maven.POE2Test" time="0.001"/>
  <testcase name="testValidateUsername_TooLong_Fail" classname="com.mycompany.maven.POE2Test" time="0.001"/>
  <testcase name="testValidatePassword_NoUpper_Fail" classname="com.mycompany.maven.POE2Test" time="0.001"/>
  <testcase name="testMessageTooLong_Fail" classname="com.mycompany.maven.POE2Test" time="0.001"/>
  <testcase name="testMessageCreationAndValidation_Valid" classname="com.mycompany.maven.POE2Test" time="0.001"/>
  <testcase name="testMessageHash_EmptyText_Safe" classname="com.mycompany.maven.POE2Test" time="0.003">
    <system-err><![CDATA[Nov 20, 2025 2:01:15 PM com.mycompany.maven.POE2$Message <init>
WARNING: Invalid recipient format for message: A02KL7XA2SC5
]]></system-err>
  </testcase>
  <testcase name="testDisregardedMessages_Population" classname="com.mycompany.maven.POE2Test" time="0.0"/>
  <testcase name="testSentMessagesArrayCorrectlyPopulated" classname="com.mycompany.maven.POE2Test" time="0.003"/>
  <testcase name="testLoginUser_NotRegistered_Fail" classname="com.mycompany.maven.POE2Test" time="0.001"/>
  <testcase name="testMessageLength_Valid" classname="com.mycompany.maven.POE2Test" time="0.0"/>
  <testcase name="testValidateCellphone_Valid" classname="com.mycompany.maven.POE2Test" time="0.017"/>
  <testcase name="testSearchByRecipient" classname="com.mycompany.maven.POE2Test" time="0.039"/>
  <testcase name="testValidateCellphone_InvalidLength_Fail" classname="com.mycompany.maven.POE2Test" time="0.002"/>
  <testcase name="testValidatePassword_TooShort_Fail" classname="com.mycompany.maven.POE2Test" time="0.001"/>
  <testcase name="testValidateUsername_Valid" classname="com.mycompany.maven.POE2Test" time="0.002"/>
  <testcase name="testRegisterUser_InvalidPhone_Fail" classname="com.mycompany.maven.POE2Test" time="0.004"/>
  <testcase name="testMessageRecipient_TooLong_Fail" classname="com.mycompany.maven.POE2Test" time="0.003">
    <system-err><![CDATA[Nov 20, 2025 2:01:15 PM com.mycompany.maven.POE2$Message <init>
WARNING: Invalid recipient format for message: M2BWF1LBUKXU
]]></system-err>
  </testcase>
  <testcase name="testValidatePassword_NoSpecialChar_Fail" classname="com.mycompany.maven.POE2Test" time="0.0"/>
  <testcase name="testSearchByMessageID_Found" classname="com.mycompany.maven.POE2Test" time="0.01"/>
  <testcase name="testSearchByMessageID_NotFound_Fail" classname="com.mycompany.maven.POE2Test" time="0.016"/>
  <testcase name="testValidateUsername_NoUnderscore_Fail" classname="com.mycompany.maven.POE2Test" time="0.001"/>
</testsuite>