<?xml version="1.0" encoding="UTF-8"?>
<testsuite xmlns:xsi="http://www.w3.org/2001/XMLSchema-instance" xsi:noNamespaceSchemaLocation="https://maven.apache.org/surefire/maven-surefire-plugin/xsd/surefire-test-report-3.0.xsd" version="3.0" name="com.mycompany.maven.POE2Test" time="2.179" tests="15" errors="0" skipped="0" failures="0">
  <properties>
[...]
</properties>
  <testcase name="testQuickChatInvalidChoiceThenQuit" classname="com.mycompany.maven.POE2Test" time="0.015"/>
  <testcase name="testCellNumberFormatValid" classname="com.mycompany.maven.POE2Test" time="0.0"/>
  <testcase name="testMessageTooLong" classname="com.mycompany.maven.POE2Test" time="0.0"/>
  <testcase name="testStoreMessage" classname="com.mycompany.maven.POE2Test" time="2.079"/>
  <testcase name="testValidatePassword" classname="com.mycompany.maven.POE2Test" time="0.002"/>
  <testcase name="testCellNumberFormatInvalid" classname="com.mycompany.maven.POE2Test" time="0.001"/>
  <testcase name="testMessageLength" classname="com.mycompany.maven.POE2Test" time="0.001"/>
  <testcase name="testRegisterUserAndLogin" classname="com.mycompany.maven.POE2Test" time="0.0"/>
  <testcase name="testMessageHashCorrect" classname="com.mycompany.maven.POE2Test" time="0.001"/>
  <testcase name="testMessageIDGenerated" classname="com.mycompany.maven.POE2Test" time="0.001"/>
  <testcase name="testMessageCreationAndValidation" classname="com.mycompany.maven.POE2Test" time="0.004"/>
  <testcase name="testQuickChatQuitImmediately" classname="com.mycompany.maven.POE2Test" time="0.001"/>
  <testcase name="testQuickChatSendDiscardThenQuit" classname="com.mycompany.maven.POE2Test" time="0.001"/>
  <testcase name="testValidateCellphone" classname="com.mycompany.maven.POE2Test" time="0.001"/>
  <testcase name="testValidateUsername" classname="com.mycompany.maven.POE2Test" time="0.001"/>
</testsuite>